%dateiname
Problem2ExplicitNoEigen.m%#dateiname
%Endpoint
%#Endpoint
%startwert
1%#startwert
%dim
[2]%#dim
%parameter
0%#parameter
%c
[]%#c
%variablen
Cn = 2.7925;Ct = 1.2919;p1=-10.8426;%#variablen
%standard
false%#standard
%EVP
false%Infinite
false%#Infinite
%auto
false%#auto
%rho
[1/2]%#rho
%x1
[1      1.0107      1.0213       1.032      1.0426      1.0533      1.0639      1.0745      1.0851      1.0957      1.1063      1.1169      1.1275      1.1381      1.1486      1.1592      1.1697      1.1803      1.1908      1.2013      1.2118      1.2223      1.2328      1.2433      1.2537      1.2642      1.2746      1.2851      1.2955      1.3059      1.3163      1.3267      1.3371      1.3474      1.3578      1.3681      1.3784      1.3887       1.399      1.4093      1.4196      1.4298      1.4401      1.4503      1.4605      1.4707      1.4809       1.491      1.5012      1.5113      1.5214      1.5315      1.5416      1.5517      1.5617      1.5717      1.5818      1.5917      1.6017      1.6117      1.6216      1.6315      1.6414      1.6513      1.6612       1.671      1.6808      1.6906      1.7004      1.7101      1.7198      1.7296      1.7392      1.7489      1.7585      1.7681      1.7777      1.7873      1.7968      1.8064      1.8158      1.8253      1.8348      1.8442      1.8536      1.8629      1.8723      1.8816      1.8908      1.9001      1.9093      1.9185      1.9277      1.9368      1.9459       1.955      1.9641      1.9731      1.9821      1.9911           2]%#x1
%abstol
1e-06%#abstol
%reltol
0.001%#reltol
%g
z1''*(Cn*t*(2-z1'^2) + Ct*t*(2*z1'^2 - 1) + p1*(1 + z1'^2)) = Ct*z1'*(1 + z1'^2) - Cn*z1'*(z1'^2 + 2)*(z1'^2 + 1)%#g
%r1
z1(a) = 1;z1(b) = 1.5;%#r1
%startprofilgitter
[1      1.0107      1.0213       1.032      1.0426      1.0533      1.0639      1.0745      1.0851      1.0957      1.1063      1.1169      1.1275      1.1381      1.1486      1.1592      1.1697      1.1803      1.1908      1.2013      1.2118      1.2223      1.2328      1.2433      1.2537      1.2642      1.2746      1.2851      1.2955      1.3059      1.3163      1.3267      1.3371      1.3474      1.3578      1.3681      1.3784      1.3887       1.399      1.4093      1.4196      1.4298      1.4401      1.4503      1.4605      1.4707      1.4809       1.491      1.5012      1.5113      1.5214      1.5315      1.5416      1.5517      1.5617      1.5717      1.5818      1.5917      1.6017      1.6117      1.6216      1.6315      1.6414      1.6513      1.6612       1.671      1.6808      1.6906      1.7004      1.7101      1.7198      1.7296      1.7392      1.7489      1.7585      1.7681      1.7777      1.7873      1.7968      1.8064      1.8158      1.8253      1.8348      1.8442      1.8536      1.8629      1.8723      1.8816      1.8908      1.9001      1.9093      1.9185      1.9277      1.9368      1.9459       1.955      1.9641      1.9731      1.9821      1.9911           2]%#startprofilgitter
%startprofilwerte
[1      1.0035      1.0071      1.0106      1.0142      1.0178      1.0215      1.0251      1.0288      1.0325      1.0362        1.04      1.0438      1.0476      1.0514      1.0552      1.0591       1.063      1.0669      1.0709      1.0749      1.0789      1.0829       1.087       1.091      1.0952      1.0993      1.1035      1.1077      1.1119      1.1162      1.1204      1.1248      1.1291      1.1335      1.1379      1.1423      1.1468      1.1513      1.1558      1.1604      1.1649      1.1696      1.1742      1.1789      1.1836      1.1884      1.1932       1.198      1.2029      1.2077      1.2127      1.2176      1.2226      1.2276      1.2327      1.2378      1.2429      1.2481      1.2533      1.2586      1.2638      1.2692      1.2745      1.2799      1.2853      1.2908      1.2963      1.3019      1.3074      1.3131      1.3187      1.3244      1.3302      1.3359      1.3417      1.3476      1.3535      1.3594      1.3654      1.3714      1.3774      1.3835      1.3897      1.3958       1.402      1.4083      1.4146      1.4209      1.4273      1.4337      1.4401      1.4466      1.4532      1.4597      1.4664       1.473      1.4797      1.4864      1.4932         1.5]%#startprofilwerte
